16:09:19.749 logback [main] INFO  com.softmax.marvel.EventTest - The following profiles are active: dev
16:09:20.880 logback [main] INFO  o.s.cloud.context.scope.GenericScope - BeanFactory id=0f65f774-67e4-39f1-9a2c-b04321c1931f
16:09:21.023 logback [main] INFO  o.s.c.s.PostProcessorRegistrationDelegate$BeanPostProcessorChecker - Bean 'org.springframework.retry.annotation.RetryConfiguration' of type [org.springframework.retry.annotation.RetryConfiguration$$EnhancerBySpringCGLIB$$c0afd24d] is not eligible for getting processed by all BeanPostProcessors (for example: not eligible for auto-proxying)
16:09:21.046 logback [main] INFO  o.s.c.s.PostProcessorRegistrationDelegate$BeanPostProcessorChecker - Bean 'org.springframework.transaction.annotation.ProxyTransactionManagementConfiguration' of type [org.springframework.transaction.annotation.ProxyTransactionManagementConfiguration$$EnhancerBySpringCGLIB$$caec3a28] is not eligible for getting processed by all BeanPostProcessors (for example: not eligible for auto-proxying)
16:09:21.094 logback [main] INFO  o.s.c.s.PostProcessorRegistrationDelegate$BeanPostProcessorChecker - Bean 'org.springframework.security.config.annotation.configuration.ObjectPostProcessorConfiguration' of type [org.springframework.security.config.annotation.configuration.ObjectPostProcessorConfiguration$$EnhancerBySpringCGLIB$$639a0262] is not eligible for getting processed by all BeanPostProcessors (for example: not eligible for auto-proxying)
16:09:21.106 logback [main] INFO  o.s.c.s.PostProcessorRegistrationDelegate$BeanPostProcessorChecker - Bean 'objectPostProcessor' of type [org.springframework.security.config.annotation.configuration.AutowireBeanFactoryObjectPostProcessor] is not eligible for getting processed by all BeanPostProcessors (for example: not eligible for auto-proxying)
16:09:21.108 logback [main] INFO  o.s.c.s.PostProcessorRegistrationDelegate$BeanPostProcessorChecker - Bean 'org.springframework.security.access.expression.method.DefaultMethodSecurityExpressionHandler@5e69cf07' of type [org.springframework.security.access.expression.method.DefaultMethodSecurityExpressionHandler] is not eligible for getting processed by all BeanPostProcessors (for example: not eligible for auto-proxying)
16:09:21.119 logback [main] INFO  o.s.c.s.PostProcessorRegistrationDelegate$BeanPostProcessorChecker - Bean 'org.springframework.security.config.annotation.method.configuration.GlobalMethodSecurityConfiguration' of type [org.springframework.security.config.annotation.method.configuration.GlobalMethodSecurityConfiguration$$EnhancerBySpringCGLIB$$886ea514] is not eligible for getting processed by all BeanPostProcessors (for example: not eligible for auto-proxying)
16:09:21.127 logback [main] INFO  o.s.c.s.PostProcessorRegistrationDelegate$BeanPostProcessorChecker - Bean 'methodSecurityMetadataSource' of type [org.springframework.security.access.method.DelegatingMethodSecurityMetadataSource] is not eligible for getting processed by all BeanPostProcessors (for example: not eligible for auto-proxying)
16:09:21.146 logback [main] INFO  o.s.c.s.PostProcessorRegistrationDelegate$BeanPostProcessorChecker - Bean 'org.springframework.cloud.autoconfigure.ConfigurationPropertiesRebinderAutoConfiguration' of type [org.springframework.cloud.autoconfigure.ConfigurationPropertiesRebinderAutoConfiguration$$EnhancerBySpringCGLIB$$e7063d25] is not eligible for getting processed by all BeanPostProcessors (for example: not eligible for auto-proxying)
16:09:22.609 logback [main] INFO  s.d.s.w.PropertySourcedRequestMappingHandlerMapping - Mapped URL path [/v2/api-docs] onto method [public org.springframework.http.ResponseEntity<springfox.documentation.spring.web.json.Json> springfox.documentation.swagger2.web.Swagger2Controller.getDocumentation(java.lang.String,javax.servlet.http.HttpServletRequest)]
16:09:23.015 logback [main] INFO  o.s.s.web.DefaultSecurityFilterChain - Creating filter chain: any request, [org.springframework.security.web.context.request.async.WebAsyncManagerIntegrationFilter@735988cf, org.springframework.security.web.context.SecurityContextPersistenceFilter@65da4a5d, org.springframework.security.web.header.HeaderWriterFilter@2890e479, org.springframework.security.web.authentication.logout.LogoutFilter@2bc59ab7, com.softmax.marvel.security.JwtAuthenticationFilter@2d3eecda, org.springframework.security.web.savedrequest.RequestCacheAwareFilter@2fafa7b5, org.springframework.security.web.servletapi.SecurityContextHolderAwareRequestFilter@4bbc02ef, org.springframework.security.web.authentication.AnonymousAuthenticationFilter@236a4d30, org.springframework.security.web.session.SessionManagementFilter@3ef46749, org.springframework.security.web.access.ExceptionTranslationFilter@23e9dd78, org.springframework.security.web.access.intercept.FilterSecurityInterceptor@63d3c9dc]
16:09:23.528 logback [main] INFO  o.s.s.c.ThreadPoolTaskExecutor - Initializing ExecutorService 'applicationTaskExecutor'
16:09:23.730 logback [main] INFO  t.m.m.a.MapperCacheDisabler - Clear tk.mybatis.mapper.util.MsUtil CLASS_CACHE cache.
16:09:23.731 logback [main] INFO  t.m.m.a.MapperCacheDisabler - Clear tk.mybatis.mapper.genid.GenIdUtil CACHE cache.
16:09:23.731 logback [main] INFO  t.m.m.a.MapperCacheDisabler - Clear tk.mybatis.mapper.version.VersionUtil CACHE cache.
16:09:23.731 logback [main] INFO  t.m.m.a.MapperCacheDisabler - Clear EntityHelper entityTableMap cache.
16:09:24.018 logback [main] INFO  s.d.s.w.p.DocumentationPluginsBootstrapper - Context refreshed
16:09:24.029 logback [main] INFO  s.d.s.w.p.DocumentationPluginsBootstrapper - Found 1 custom documentation plugin(s)
16:09:24.054 logback [main] INFO  s.d.s.w.s.ApiListingReferenceScanner - Scanning for api listing references
16:09:24.100 logback [main] INFO  com.softmax.marvel.EventTest - Started EventTest in 5.631 seconds (JVM running for 7.172)
16:09:24.529 logback [main] INFO  com.softmax.marvel.event.UserService - [register][执行用户(朱元璋) 的注册逻辑]
16:09:24.530 logback [main] INFO  o.s.context.ApplicationListener - [EmailService][给用户(朱元璋) 创建邮箱]
16:09:24.546 logback [Thread-2] INFO  o.s.s.c.ThreadPoolTaskExecutor - Shutting down ExecutorService 'applicationTaskExecutor'
16:12:00.445 logback [main] INFO  com.softmax.marvel.EventTest - The following profiles are active: dev
16:12:01.807 logback [main] INFO  o.s.cloud.context.scope.GenericScope - BeanFactory id=7b55e556-b868-3902-8aec-d7b6de927b47
16:12:02.004 logback [main] INFO  o.s.c.s.PostProcessorRegistrationDelegate$BeanPostProcessorChecker - Bean 'org.springframework.retry.annotation.RetryConfiguration' of type [org.springframework.retry.annotation.RetryConfiguration$$EnhancerBySpringCGLIB$$52b649b9] is not eligible for getting processed by all BeanPostProcessors (for example: not eligible for auto-proxying)
16:12:02.030 logback [main] INFO  o.s.c.s.PostProcessorRegistrationDelegate$BeanPostProcessorChecker - Bean 'org.springframework.transaction.annotation.ProxyTransactionManagementConfiguration' of type [org.springframework.transaction.annotation.ProxyTransactionManagementConfiguration$$EnhancerBySpringCGLIB$$5cf2b194] is not eligible for getting processed by all BeanPostProcessors (for example: not eligible for auto-proxying)
16:12:02.082 logback [main] INFO  o.s.c.s.PostProcessorRegistrationDelegate$BeanPostProcessorChecker - Bean 'org.springframework.security.config.annotation.configuration.ObjectPostProcessorConfiguration' of type [org.springframework.security.config.annotation.configuration.ObjectPostProcessorConfiguration$$EnhancerBySpringCGLIB$$f5a079ce] is not eligible for getting processed by all BeanPostProcessors (for example: not eligible for auto-proxying)
16:12:02.091 logback [main] INFO  o.s.c.s.PostProcessorRegistrationDelegate$BeanPostProcessorChecker - Bean 'objectPostProcessor' of type [org.springframework.security.config.annotation.configuration.AutowireBeanFactoryObjectPostProcessor] is not eligible for getting processed by all BeanPostProcessors (for example: not eligible for auto-proxying)
16:12:02.092 logback [main] INFO  o.s.c.s.PostProcessorRegistrationDelegate$BeanPostProcessorChecker - Bean 'org.springframework.security.access.expression.method.DefaultMethodSecurityExpressionHandler@3b96f8b0' of type [org.springframework.security.access.expression.method.DefaultMethodSecurityExpressionHandler] is not eligible for getting processed by all BeanPostProcessors (for example: not eligible for auto-proxying)
16:12:02.099 logback [main] INFO  o.s.c.s.PostProcessorRegistrationDelegate$BeanPostProcessorChecker - Bean 'org.springframework.security.config.annotation.method.configuration.GlobalMethodSecurityConfiguration' of type [org.springframework.security.config.annotation.method.configuration.GlobalMethodSecurityConfiguration$$EnhancerBySpringCGLIB$$1a751c80] is not eligible for getting processed by all BeanPostProcessors (for example: not eligible for auto-proxying)
16:12:02.105 logback [main] INFO  o.s.c.s.PostProcessorRegistrationDelegate$BeanPostProcessorChecker - Bean 'methodSecurityMetadataSource' of type [org.springframework.security.access.method.DelegatingMethodSecurityMetadataSource] is not eligible for getting processed by all BeanPostProcessors (for example: not eligible for auto-proxying)
16:12:02.124 logback [main] INFO  o.s.c.s.PostProcessorRegistrationDelegate$BeanPostProcessorChecker - Bean 'org.springframework.cloud.autoconfigure.ConfigurationPropertiesRebinderAutoConfiguration' of type [org.springframework.cloud.autoconfigure.ConfigurationPropertiesRebinderAutoConfiguration$$EnhancerBySpringCGLIB$$790cb491] is not eligible for getting processed by all BeanPostProcessors (for example: not eligible for auto-proxying)
16:12:03.712 logback [main] INFO  s.d.s.w.PropertySourcedRequestMappingHandlerMapping - Mapped URL path [/v2/api-docs] onto method [public org.springframework.http.ResponseEntity<springfox.documentation.spring.web.json.Json> springfox.documentation.swagger2.web.Swagger2Controller.getDocumentation(java.lang.String,javax.servlet.http.HttpServletRequest)]
16:12:04.123 logback [main] INFO  o.s.s.web.DefaultSecurityFilterChain - Creating filter chain: any request, [org.springframework.security.web.context.request.async.WebAsyncManagerIntegrationFilter@460e5ffe, org.springframework.security.web.context.SecurityContextPersistenceFilter@722b3ba2, org.springframework.security.web.header.HeaderWriterFilter@65da4a5d, org.springframework.security.web.authentication.logout.LogoutFilter@45f0038, com.softmax.marvel.security.JwtAuthenticationFilter@1a4cbcc6, org.springframework.security.web.savedrequest.RequestCacheAwareFilter@4990b335, org.springframework.security.web.servletapi.SecurityContextHolderAwareRequestFilter@6b86826a, org.springframework.security.web.authentication.AnonymousAuthenticationFilter@7cecab19, org.springframework.security.web.session.SessionManagementFilter@f0c1ae1, org.springframework.security.web.access.ExceptionTranslationFilter@6eb00cbe, org.springframework.security.web.access.intercept.FilterSecurityInterceptor@5bad555b]
16:12:04.617 logback [main] INFO  o.s.s.c.ThreadPoolTaskExecutor - Initializing ExecutorService 'applicationTaskExecutor'
16:12:04.800 logback [main] INFO  t.m.m.a.MapperCacheDisabler - Clear tk.mybatis.mapper.util.MsUtil CLASS_CACHE cache.
16:12:04.800 logback [main] INFO  t.m.m.a.MapperCacheDisabler - Clear tk.mybatis.mapper.genid.GenIdUtil CACHE cache.
16:12:04.801 logback [main] INFO  t.m.m.a.MapperCacheDisabler - Clear tk.mybatis.mapper.version.VersionUtil CACHE cache.
16:12:04.801 logback [main] INFO  t.m.m.a.MapperCacheDisabler - Clear EntityHelper entityTableMap cache.
16:12:05.101 logback [main] INFO  s.d.s.w.p.DocumentationPluginsBootstrapper - Context refreshed
16:12:05.113 logback [main] INFO  s.d.s.w.p.DocumentationPluginsBootstrapper - Found 1 custom documentation plugin(s)
16:12:05.139 logback [main] INFO  s.d.s.w.s.ApiListingReferenceScanner - Scanning for api listing references
16:12:05.182 logback [main] INFO  com.softmax.marvel.EventTest - Started EventTest in 6.005 seconds (JVM running for 7.418)
16:12:05.535 logback [main] INFO  com.softmax.marvel.event.UserService - [register][执行用户(朱元璋) 的注册逻辑]
16:12:05.536 logback [main] INFO  c.softmax.marvel.event.CouponService - [addCoupon][给用户(朱元璋) 发放优惠劵]
16:12:05.541 logback [main] INFO  o.s.context.ApplicationListener - [EmailService][给用户(朱元璋) 创建邮箱]
16:12:05.556 logback [Thread-2] INFO  o.s.s.c.ThreadPoolTaskExecutor - Shutting down ExecutorService 'applicationTaskExecutor'
